e:\engine\opengl\gltools-master\bin\gltools.dir\debug\vc140.pdb
e:\engine\opengl\gltools-master\bin\gltools.dir\debug\math3d.obj
e:\engine\opengl\gltools-master\bin\gltools.dir\debug\gltrianglebatch.obj
e:\engine\opengl\gltools-master\bin\gltools.dir\debug\gltools.obj
e:\engine\opengl\gltools-master\bin\gltools.dir\debug\glshadermanager.obj
e:\engine\opengl\gltools-master\bin\gltools.dir\debug\glbatch.obj
e:\engine\opengl\gltools-master\bin\cmakefiles\generate.stamp
e:\engine\opengl\gltools-master\bin\debug\gltools.pdb
e:\engine\opengl\gltools-master\bin\gltools.dir\debug\gltools.tlog\cl.command.1.tlog
e:\engine\opengl\gltools-master\bin\gltools.dir\debug\gltools.tlog\cl.read.1.tlog
e:\engine\opengl\gltools-master\bin\gltools.dir\debug\gltools.tlog\cl.write.1.tlog
e:\engine\opengl\gltools-master\bin\gltools.dir\debug\gltools.tlog\custombuild.command.1.tlog
e:\engine\opengl\gltools-master\bin\gltools.dir\debug\gltools.tlog\custombuild.read.1.tlog
e:\engine\opengl\gltools-master\bin\gltools.dir\debug\gltools.tlog\custombuild.write.1.tlog
e:\engine\opengl\gltools-master\bin\gltools.dir\debug\gltools.tlog\link-cvtres.read.1.tlog
e:\engine\opengl\gltools-master\bin\gltools.dir\debug\gltools.tlog\link-cvtres.write.1.tlog
e:\engine\opengl\gltools-master\bin\gltools.dir\debug\gltools.tlog\link-rc.read.1.tlog
e:\engine\opengl\gltools-master\bin\gltools.dir\debug\gltools.tlog\link-rc.write.1.tlog
e:\engine\opengl\gltools-master\bin\gltools.dir\debug\gltools.tlog\link.command.1.tlog
e:\engine\opengl\gltools-master\bin\gltools.dir\debug\gltools.tlog\link.read.1.tlog
e:\engine\opengl\gltools-master\bin\gltools.dir\debug\gltools.tlog\link.write.1.tlog
